#
# There is insufficient memory for the Java Runtime Environment to continue.
# Native memory allocation (malloc) failed to allocate 71827456 bytes for committing reserved memory.
# Possible reasons:
#   The system is out of physical RAM or swap space
#   In 32 bit mode, the process size limit was hit
# Possible solutions:
#   Reduce memory load on the system
#   Increase physical memory or swap space
#   Check if swap backing store is full
#   Use 64 bit Java on a 64 bit OS
#   Decrease Java heap size (-Xmx/-Xms)
#   Decrease number of Java threads
#   Decrease Java thread stack sizes (-Xss)
#   Set larger code cache with -XX:ReservedCodeCacheSize=
# This output file may be truncated or incomplete.
#
#  Out of Memory Error (os_linux.cpp:2798), pid=11903, tid=140278796109568
#
# JRE version: OpenJDK Runtime Environment (7.0_65-b32) (build 1.7.0_65-b32)
# Java VM: OpenJDK 64-Bit Server VM (24.65-b04 mixed mode linux-amd64 compressed oops)
# Derivative: IcedTea 2.5.3
# Distribution: Ubuntu 14.04 LTS, package 7u71-2.5.3-0ubuntu0.14.04.1
# Failed to write core dump. Core dumps have been disabled. To enable core dumping, try "ulimit -c unlimited" before starting Java again
#

---------------  T H R E A D  ---------------

Current thread (0x00007f954407a800):  VMThread [stack: 0x00007f9533bfc000,0x00007f9533cfd000] [id=11914]

Stack: [0x00007f9533bfc000,0x00007f9533cfd000],  sp=0x00007f9533cfb490,  free space=1021k
Native frames: (J=compiled Java code, j=interpreted, Vv=VM code, C=native code)
V  [libjvm.so+0x948b05]  VMError::report_and_die()+0x175
V  [libjvm.so+0x48bc34]  report_vm_out_of_memory(char const*, int, unsigned long, char const*)+0x74
V  [libjvm.so+0x7c7bfb]  os::pd_commit_memory(char*, unsigned long, unsigned long, bool)+0xeb
V  [libjvm.so+0x7c26bf]  os::commit_memory(char*, unsigned long, unsigned long, bool)+0x1f
V  [libjvm.so+0x833e4b]  PSVirtualSpace::expand_by(unsigned long)+0x5b
V  [libjvm.so+0x823b9b]  PSOldGen::expand_by(unsigned long) [clone .part.80]+0x1b
V  [libjvm.so+0x823d5b]  PSOldGen::expand(unsigned long) [clone .part.81]+0xdb
V  [libjvm.so+0x824c88]  PSOldGen::resize(unsigned long)+0x188
V  [libjvm.so+0x82bd54]  PSParallelCompact::invoke_no_policy(bool)+0x9c4
V  [libjvm.so+0x831f8d]  PSScavenge::invoke()+0x17d
V  [libjvm.so+0x7e8823]  ParallelScavengeHeap::failed_mem_allocate(unsigned long)+0x63
V  [libjvm.so+0x94a504]  VM_ParallelGCFailedAllocation::doit()+0x84
V  [libjvm.so+0x94e9f7]  VM_Operation::evaluate()+0x47
V  [libjvm.so+0x94d368]  VMThread::evaluate_operation(VM_Operation*)+0x318
V  [libjvm.so+0x94d7c9]  VMThread::loop()+0x219
V  [libjvm.so+0x94dc12]  VMThread::run()+0x72
V  [libjvm.so+0x7c4ac2]  java_start(Thread*)+0xf2

VM_Operation (0x00007f954c40e700): ParallelGCFailedAllocation, mode: safepoint, requested by thread 0x00007f954400f800


---------------  P R O C E S S  ---------------

Java Threads: ( => current thread )
  0x00007f9544b07000 JavaThread "clojure-agent-send-off-pool-0" [_thread_blocked, id=11932, stack(0x00007f95313fe000,0x00007f95314ff000)]
  0x00007f954468f000 JavaThread "clojure.core.async.timers/timeout-daemon" daemon [_thread_blocked, id=11922, stack(0x00007f9531708000,0x00007f9531809000)]
  0x00007f95440b6800 JavaThread "Service Thread" daemon [_thread_blocked, id=11920, stack(0x00007f95331fc000,0x00007f95332fd000)]
  0x00007f95440b4800 JavaThread "C2 CompilerThread1" daemon [_thread_blocked, id=11919, stack(0x00007f95332fd000,0x00007f95333fe000)]
  0x00007f95440b1800 JavaThread "C2 CompilerThread0" daemon [_thread_blocked, id=11918, stack(0x00007f95333fe000,0x00007f95334ff000)]
  0x00007f95440af000 JavaThread "Signal Dispatcher" daemon [_thread_blocked, id=11917, stack(0x00007f95334ff000,0x00007f9533600000)]
  0x00007f9544081000 JavaThread "Finalizer" daemon [_thread_blocked, id=11916, stack(0x00007f95339fa000,0x00007f9533afb000)]
  0x00007f954407f000 JavaThread "Reference Handler" daemon [_thread_blocked, id=11915, stack(0x00007f9533afb000,0x00007f9533bfc000)]
  0x00007f954400f800 JavaThread "main" [_thread_blocked, id=11909, stack(0x00007f954c314000,0x00007f954c415000)]

Other Threads:
=>0x00007f954407a800 VMThread [stack: 0x00007f9533bfc000,0x00007f9533cfd000] [id=11914]
  0x00007f95440c9800 WatcherThread [stack: 0x00007f95330fb000,0x00007f95331fc000] [id=11921]

VM state:at safepoint (normal execution)

VM Mutex/Monitor currently owned by a thread:  ([mutex/lock_event])
[0x00007f954400b360] ExpandHeap_lock - owner thread: 0x00007f954407a800
[0x00007f954400b9e0] Threads_lock - owner thread: 0x00007f954407a800
[0x00007f954400bee0] Heap_lock - owner thread: 0x00007f954400f800

Heap
 PSYoungGen      total 597504K, used 0K [0x00000007d8000000, 0x0000000800000000, 0x0000000800000000)
  eden space 589824K, 0% used [0x00000007d8000000,0x00000007d8000000,0x00000007fc000000)
  from space 7680K, 0% used [0x00000007fe800000,0x00000007fe800000,0x00000007fef80000)
  to   space 32768K, 0% used [0x00000007fc000000,0x00000007fc000000,0x00000007fe000000)
 ParOldGen       total 81920K, used 77578K [0x0000000788000000, 0x000000078d000000, 0x00000007d8000000)
  object space 81920K, 94% used [0x0000000788000000,0x000000078cbc2bd8,0x000000078d000000)
 PSPermGen       total 49664K, used 49377K [0x000000077da00000, 0x0000000780a80000, 0x0000000788000000)
  object space 49664K, 99% used [0x000000077da00000,0x0000000780a384a0,0x0000000780a80000)

Card table byte_map: [0x00007f9548b4e000,0x00007f9548f62000] byte_map_base: 0x00007f9544f61000

Polling page: 0x00007f954c43c000

Code Cache  [0x00007f9541000000, 0x00007f9541570000, 0x00007f9544000000)
 total_blobs=1636 nmethods=1322 adapters=266 free_code_cache=43820Kb largest_free_block=44641792

Compilation events (10 events):
Event: 25,412 Thread 0x00007f95440b4800 1640             java.util.Arrays::fill (21 bytes)
Event: 25,417 Thread 0x00007f95440b1800 nmethod 1639 0x00007f9541533410 code [0x00007f95415336a0, 0x00007f95415343f0]
Event: 25,418 Thread 0x00007f95440b4800 nmethod 1640 0x00007f954128e510 code [0x00007f954128e660, 0x00007f954128ea58]
Event: 25,419 Thread 0x00007f95440b1800 1641             clojure.lang.LockingTransaction$Info::running (23 bytes)
Event: 25,419 Thread 0x00007f95440b1800 nmethod 1641 0x00007f954129c410 code [0x00007f954129c540, 0x00007f954129c5d8]
Event: 25,436 Thread 0x00007f95440b4800 1642             java.util.TreeMap::getEntry (84 bytes)
Event: 25,438 Thread 0x00007f95440b4800 nmethod 1642 0x00007f954128e050 code [0x00007f954128e1c0, 0x00007f954128e388]
Event: 25,510 Thread 0x00007f95440b1800 1643             clojure.core$re_matches::invoke (54 bytes)
Event: 25,513 Thread 0x00007f95440b1800 nmethod 1643 0x00007f954128d810 code [0x00007f954128d9a0, 0x00007f954128dc78]
Event: 25,598 Thread 0x00007f95440b4800 1644             clojure.core$isa_QMARK_::invoke (597 bytes)

GC Heap History (10 events):
Event: 10,552 GC heap after
Heap after GC invocations=10 (full 0):
 PSYoungGen      total 400384K, used 6408K [0x00000007d8000000, 0x00000007f1000000, 0x0000000800000000)
  eden space 391168K, 0% used [0x00000007d8000000,0x00000007d8000000,0x00000007efe00000)
  from space 9216K, 69% used [0x00000007f0700000,0x00000007f0d42278,0x00000007f1000000)
  to   space 9216K, 0% used [0x00000007efe00000,0x00000007efe00000,0x00000007f0700000)
 ParOldGen       total 81920K, used 10115K [0x0000000788000000, 0x000000078d000000, 0x00000007d8000000)
  object space 81920K, 12% used [0x0000000788000000,0x00000007889e0f20,0x000000078d000000)
 PSPermGen       total 32256K, used 31891K [0x000000077da00000, 0x000000077f980000, 0x0000000788000000)
  object space 32256K, 98% used [0x000000077da00000,0x000000077f924de0,0x000000077f980000)
}
Event: 15,204 GC heap before
{Heap before GC invocations=11 (full 0):
 PSYoungGen      total 400384K, used 397576K [0x00000007d8000000, 0x00000007f1000000, 0x0000000800000000)
  eden space 391168K, 100% used [0x00000007d8000000,0x00000007efe00000,0x00000007efe00000)
  from space 9216K, 69% used [0x00000007f0700000,0x00000007f0d42278,0x00000007f1000000)
  to   space 9216K, 0% used [0x00000007efe00000,0x00000007efe00000,0x00000007f0700000)
 ParOldGen       total 81920K, used 10115K [0x0000000788000000, 0x000000078d000000, 0x00000007d8000000)
  object space 81920K, 12% used [0x0000000788000000,0x00000007889e0f20,0x000000078d000000)
 PSPermGen       total 40448K, used 40321K [0x000000077da00000, 0x0000000780180000, 0x0000000788000000)
  object space 40448K, 99% used [0x000000077da00000,0x00000007801606a0,0x0000000780180000)
Event: 15,242 GC heap after
Heap after GC invocations=11 (full 0):
 PSYoungGen      total 400384K, used 7864K [0x00000007d8000000, 0x00000007ff680000, 0x0000000800000000)
  eden space 391168K, 0% used [0x00000007d8000000,0x00000007d8000000,0x00000007efe00000)
  from space 9216K, 85% used [0x00000007efe00000,0x00000007f05ae040,0x00000007f0700000)
  to   space 9728K, 0% used [0x00000007fed00000,0x00000007fed00000,0x00000007ff680000)
 ParOldGen       total 81920K, used 16260K [0x0000000788000000, 0x000000078d000000, 0x00000007d8000000)
  object space 81920K, 19% used [0x0000000788000000,0x0000000788fe1090,0x000000078d000000)
 PSPermGen       total 40448K, used 40321K [0x000000077da00000, 0x0000000780180000, 0x0000000788000000)
  object space 40448K, 99% used [0x000000077da00000,0x00000007801606a0,0x0000000780180000)
}
Event: 19,501 GC heap before
{Heap before GC invocations=12 (full 0):
 PSYoungGen      total 400384K, used 399032K [0x00000007d8000000, 0x00000007ff680000, 0x0000000800000000)
  eden space 391168K, 100% used [0x00000007d8000000,0x00000007efe00000,0x00000007efe00000)
  from space 9216K, 85% used [0x00000007efe00000,0x00000007f05ae040,0x00000007f0700000)
  to   space 9728K, 0% used [0x00000007fed00000,0x00000007fed00000,0x00000007ff680000)
 ParOldGen       total 81920K, used 16260K [0x0000000788000000, 0x000000078d000000, 0x00000007d8000000)
  object space 81920K, 19% used [0x0000000788000000,0x0000000788fe1090,0x000000078d000000)
 PSPermGen       total 47104K, used 46834K [0x000000077da00000, 0x0000000780800000, 0x0000000788000000)
  object space 47104K, 99% used [0x000000077da00000,0x00000007807bca00,0x0000000780800000)
Event: 19,540 GC heap after
Heap after GC invocations=12 (full 0):
 PSYoungGen      total 382976K, used 9712K [0x00000007d8000000, 0x00000007ff680000, 0x0000000800000000)
  eden space 373248K, 0% used [0x00000007d8000000,0x00000007d8000000,0x00000007eec80000)
  from space 9728K, 99% used [0x00000007fed00000,0x00000007ff67c010,0x00000007ff680000)
  to   space 14848K, 0% used [0x00000007fd980000,0x00000007fd980000,0x00000007fe800000)
 ParOldGen       total 81920K, used 27296K [0x0000000788000000, 0x000000078d000000, 0x00000007d8000000)
  object space 81920K, 33% used [0x0000000788000000,0x0000000789aa82c0,0x000000078d000000)
 PSPermGen       total 47104K, used 46834K [0x000000077da00000, 0x0000000780800000, 0x0000000788000000)
  object space 47104K, 99% used [0x000000077da00000,0x00000007807bca00,0x0000000780800000)
}
Event: 21,444 GC heap before
{Heap before GC invocations=13 (full 0):
 PSYoungGen      total 382976K, used 382960K [0x00000007d8000000, 0x00000007ff680000, 0x0000000800000000)
  eden space 373248K, 100% used [0x00000007d8000000,0x00000007eec80000,0x00000007eec80000)
  from space 9728K, 99% used [0x00000007fed00000,0x00000007ff67c010,0x00000007ff680000)
  to   space 14848K, 0% used [0x00000007fd980000,0x00000007fd980000,0x00000007fe800000)
 ParOldGen       total 81920K, used 27296K [0x0000000788000000, 0x000000078d000000, 0x00000007d8000000)
  object space 81920K, 33% used [0x0000000788000000,0x0000000789aa82c0,0x000000078d000000)
 PSPermGen       total 47104K, used 46989K [0x000000077da00000, 0x0000000780800000, 0x0000000788000000)
  object space 47104K, 99% used [0x000000077da00000,0x00000007807e3770,0x0000000780800000)
Event: 21,493 GC heap after
Heap after GC invocations=13 (full 0):
 PSYoungGen      total 612352K, used 14844K [0x00000007d8000000, 0x00000007fef80000, 0x0000000800000000)
  eden space 597504K, 0% used [0x00000007d8000000,0x00000007d8000000,0x00000007fc780000)
  from space 14848K, 99% used [0x00000007fd980000,0x00000007fe7ff3e0,0x00000007fe800000)
  to   space 7680K, 0% used [0x00000007fe800000,0x00000007fe800000,0x00000007fef80000)
 ParOldGen       total 81920K, used 37285K [0x0000000788000000, 0x000000078d000000, 0x00000007d8000000)
  object space 81920K, 45% used [0x0000000788000000,0x000000078a4696f8,0x000000078d000000)
 PSPermGen       total 47104K, used 46989K [0x000000077da00000, 0x0000000780800000, 0x0000000788000000)
  object space 47104K, 99% used [0x000000077da00000,0x00000007807e3770,0x0000000780800000)
}
Event: 25,603 GC heap before
{Heap before GC invocations=14 (full 0):
 PSYoungGen      total 612352K, used 612348K [0x00000007d8000000, 0x00000007fef80000, 0x0000000800000000)
  eden space 597504K, 100% used [0x00000007d8000000,0x00000007fc780000,0x00000007fc780000)
  from space 14848K, 99% used [0x00000007fd980000,0x00000007fe7ff3e0,0x00000007fe800000)
  to   space 7680K, 0% used [0x00000007fe800000,0x00000007fe800000,0x00000007fef80000)
 ParOldGen       total 81920K, used 37285K [0x0000000788000000, 0x000000078d000000, 0x00000007d8000000)
  object space 81920K, 45% used [0x0000000788000000,0x000000078a4696f8,0x000000078d000000)
 PSPermGen       total 49664K, used 49405K [0x000000077da00000, 0x0000000780a80000, 0x0000000788000000)
  object space 49664K, 99% used [0x000000077da00000,0x0000000780a3f7f0,0x0000000780a80000)
Event: 25,655 GC heap after
Heap after GC invocations=14 (full 0):
 PSYoungGen      total 597504K, used 7680K [0x00000007d8000000, 0x0000000800000000, 0x0000000800000000)
  eden space 589824K, 0% used [0x00000007d8000000,0x00000007d8000000,0x00000007fc000000)
  from space 7680K, 100% used [0x00000007fe800000,0x00000007fef80000,0x00000007fef80000)
  to   space 32768K, 0% used [0x00000007fc000000,0x00000007fc000000,0x00000007fe000000)
 ParOldGen       total 81920K, used 74823K [0x0000000788000000, 0x000000078d000000, 0x00000007d8000000)
  object space 81920K, 91% used [0x0000000788000000,0x000000078c911fe8,0x000000078d000000)
 PSPermGen       total 49664K, used 49405K [0x000000077da00000, 0x0000000780a80000, 0x0000000788000000)
  object space 49664K, 99% used [0x000000077da00000,0x0000000780a3f7f0,0x0000000780a80000)
}
Event: 25,655 GC heap before
{Heap before GC invocations=15 (full 1):
 PSYoungGen      total 597504K, used 7680K [0x00000007d8000000, 0x0000000800000000, 0x0000000800000000)
  eden space 589824K, 0% used [0x00000007d8000000,0x00000007d8000000,0x00000007fc000000)
  from space 7680K, 100% used [0x00000007fe800000,0x00000007fef80000,0x00000007fef80000)
  to   space 32768K, 0% used [0x00000007fc000000,0x00000007fc000000,0x00000007fe000000)
 ParOldGen       total 81920K, used 74823K [0x0000000788000000, 0x000000078d000000, 0x00000007d8000000)
  object space 81920K, 91% used [0x0000000788000000,0x000000078c911fe8,0x000000078d000000)
 PSPermGen       total 49664K, used 49405K [0x000000077da00000, 0x0000000780a80000, 0x0000000788000000)
  object space 49664K, 99% used [0x000000077da00000,0x0000000780a3f7f0,0x0000000780a80000)

Deoptimization events (10 events):
Event: 25,192 Thread 0x00007f954400f800 Uncommon trap: reason=class_check action=maybe_recompile pc=0x00007f95413a64bc method=clojure.lang.APersistentVector.doEquiv(Lclojure/lang/IPersistentVector;Ljava/lang/Object;)Z @ 15
Event: 25,197 Thread 0x00007f954400f800 Uncommon trap: reason=class_check action=maybe_recompile pc=0x00007f95413a64bc method=clojure.lang.APersistentVector.doEquiv(Lclojure/lang/IPersistentVector;Ljava/lang/Object;)Z @ 15
Event: 25,219 Thread 0x00007f954400f800 Uncommon trap: reason=predicate action=maybe_recompile pc=0x00007f95413ae880 method=java.util.Arrays.fill([Ljava/lang/Object;Ljava/lang/Object;)V @ 10
Event: 25,401 Thread 0x00007f954400f800 Uncommon trap: reason=array_check action=maybe_recompile pc=0x00007f95411a10f8 method=java.util.Arrays.fill([Ljava/lang/Object;Ljava/lang/Object;)V @ 13
Event: 25,401 Thread 0x00007f954400f800 Uncommon trap: reason=array_check action=maybe_recompile pc=0x00007f95411a10f8 method=java.util.Arrays.fill([Ljava/lang/Object;Ljava/lang/Object;)V @ 13
Event: 25,401 Thread 0x00007f954400f800 Uncommon trap: reason=array_check action=maybe_recompile pc=0x00007f95411a10f8 method=java.util.Arrays.fill([Ljava/lang/Object;Ljava/lang/Object;)V @ 13
Event: 25,401 Thread 0x00007f954400f800 Uncommon trap: reason=array_check action=maybe_recompile pc=0x00007f95411a10f8 method=java.util.Arrays.fill([Ljava/lang/Object;Ljava/lang/Object;)V @ 13
Event: 25,443 Thread 0x00007f954400f800 Uncommon trap: reason=bimorphic action=maybe_recompile pc=0x00007f954124b188 method=clojure.lang.APersistentMap.cons(Ljava/lang/Object;)Lclojure/lang/IPersistentCollection; @ 92
Event: 25,445 Thread 0x00007f954400f800 Uncommon trap: reason=bimorphic action=maybe_recompile pc=0x00007f954124b188 method=clojure.lang.APersistentMap.cons(Ljava/lang/Object;)Lclojure/lang/IPersistentCollection; @ 92
Event: 25,496 Thread 0x00007f954400f800 Uncommon trap: reason=unreached action=reinterpret pc=0x00007f95413ecb7c method=clojure.tools.reader$read.invoke(Ljava/lang/Object;Ljava/lang/Object;Ljava/lang/Object;Ljava/lang/Object;)Ljava/lang/Object; @ 489

Internal exceptions (10 events):
Event: 25,182 Thread 0x00007f954400f800 Threw 0x00000007f7c684f8 at /build/buildd/openjdk-7-7u71-2.5.3/build/openjdk/hotspot/src/share/vm/prims/jvm.cpp:1284
Event: 25,182 Thread 0x00007f954400f800 Threw 0x00000007f7c73da0 at /build/buildd/openjdk-7-7u71-2.5.3/build/openjdk/hotspot/src/share/vm/prims/jvm.cpp:1284
Event: 25,183 Thread 0x00007f954400f800 Threw 0x00000007f7c7eb78 at /build/buildd/openjdk-7-7u71-2.5.3/build/openjdk/hotspot/src/share/vm/prims/jvm.cpp:1284
Event: 25,183 Thread 0x00007f954400f800 Threw 0x00000007f7c8a0f8 at /build/buildd/openjdk-7-7u71-2.5.3/build/openjdk/hotspot/src/share/vm/prims/jvm.cpp:1284
Event: 25,184 Thread 0x00007f954400f800 Threw 0x00000007f7c9b190 at /build/buildd/openjdk-7-7u71-2.5.3/build/openjdk/hotspot/src/share/vm/prims/jvm.cpp:1284
Event: 25,185 Thread 0x00007f954400f800 Threw 0x00000007f7ca80a8 at /build/buildd/openjdk-7-7u71-2.5.3/build/openjdk/hotspot/src/share/vm/prims/jvm.cpp:1284
Event: 25,185 Thread 0x00007f954400f800 Threw 0x00000007f7cb3238 at /build/buildd/openjdk-7-7u71-2.5.3/build/openjdk/hotspot/src/share/vm/prims/jvm.cpp:1284
Event: 25,186 Thread 0x00007f954400f800 Threw 0x00000007f7cbf3a8 at /build/buildd/openjdk-7-7u71-2.5.3/build/openjdk/hotspot/src/share/vm/prims/jvm.cpp:1284
Event: 25,218 Thread 0x00007f954400f800 Threw 0x00000007f7eb7da8 at /build/buildd/openjdk-7-7u71-2.5.3/build/openjdk/hotspot/src/share/vm/prims/jvm.cpp:1284
Event: 25,436 Thread 0x00007f954400f800 Threw 0x00000007fa18bb40 at /build/buildd/openjdk-7-7u71-2.5.3/build/openjdk/hotspot/src/share/vm/prims/jvm.cpp:1284

Events (10 events):
Event: 25,443 Thread 0x00007f954400f800 Uncommon trap: trap_request=0xffffffc6 fr.pc=0x00007f954124b188
Event: 25,444 Thread 0x00007f954400f800 DEOPT PACKING pc=0x00007f954124b188 sp=0x00007f954c4123c0
Event: 25,444 Thread 0x00007f954400f800 DEOPT UNPACKING pc=0x00007f9541039445 sp=0x00007f954c412380 mode 2
Event: 25,445 Thread 0x00007f954400f800 Uncommon trap: trap_request=0xffffffc6 fr.pc=0x00007f954124b188
Event: 25,445 Thread 0x00007f954400f800 DEOPT PACKING pc=0x00007f954124b188 sp=0x00007f954c412380
Event: 25,445 Thread 0x00007f954400f800 DEOPT UNPACKING pc=0x00007f9541039445 sp=0x00007f954c412340 mode 2
Event: 25,496 Thread 0x00007f954400f800 Uncommon trap: trap_request=0xffffffad fr.pc=0x00007f95413ecb7c
Event: 25,496 Thread 0x00007f954400f800 DEOPT PACKING pc=0x00007f95413ecb7c sp=0x00007f954c4111c0
Event: 25,496 Thread 0x00007f954400f800 DEOPT UNPACKING pc=0x00007f9541039445 sp=0x00007f954c411188 mode 2
Event: 25,602 Executing VM operation: ParallelGCFailedAllocation


Dynamic libraries:
00400000-00401000 r-xp 00000000 fc:00 5113944                            /usr/lib/jvm/java-7-openjdk-amd64/jre/bin/java
00600000-00601000 r--p 00000000 fc:00 5113944                            /usr/lib/jvm/java-7-openjdk-amd64/jre/bin/java
00601000-00602000 rw-p 00001000 fc:00 5113944                            /usr/lib/jvm/java-7-openjdk-amd64/jre/bin/java
01b9c000-01bbd000 rw-p 00000000 00:00 0                                  [heap]
77da00000-780a80000 rw-p 00000000 00:00 0 
780a80000-788000000 rw-p 00000000 00:00 0 
788000000-78d000000 rw-p 00000000 00:00 0 
791480000-7d8000000 rw-p 00000000 00:00 0 
7d8000000-800000000 rw-p 00000000 00:00 0 
7f94f8000000-7f94f8021000 rw-p 00000000 00:00 0 
7f94f8021000-7f94fc000000 ---p 00000000 00:00 0 
7f9500000000-7f9500021000 rw-p 00000000 00:00 0 
7f9500021000-7f9504000000 ---p 00000000 00:00 0 
7f9504000000-7f9504021000 rw-p 00000000 00:00 0 
7f9504021000-7f9508000000 ---p 00000000 00:00 0 
7f9508000000-7f95098ad000 rw-p 00000000 00:00 0 
7f95098ad000-7f950c000000 ---p 00000000 00:00 0 
7f950c000000-7f950c021000 rw-p 00000000 00:00 0 
7f950c021000-7f9510000000 ---p 00000000 00:00 0 
7f9510000000-7f9510021000 rw-p 00000000 00:00 0 
7f9510021000-7f9514000000 ---p 00000000 00:00 0 
7f9514000000-7f9515b8c000 rw-p 00000000 00:00 0 
7f9515b8c000-7f9518000000 ---p 00000000 00:00 0 
7f9518000000-7f9518021000 rw-p 00000000 00:00 0 
7f9518021000-7f951c000000 ---p 00000000 00:00 0 
7f951c000000-7f951c021000 rw-p 00000000 00:00 0 
7f951c021000-7f9520000000 ---p 00000000 00:00 0 
7f9520000000-7f9520280000 rw-p 00000000 00:00 0 
7f9520280000-7f9524000000 ---p 00000000 00:00 0 
7f9527ed0000-7f952c000000 rw-p 00000000 00:00 0 
7f952c000000-7f952c021000 rw-p 00000000 00:00 0 
7f952c021000-7f9530000000 ---p 00000000 00:00 0 
7f95313fd000-7f95313fe000 rw-p 00000000 00:00 0 
7f95313fe000-7f9531401000 ---p 00000000 00:00 0 
7f9531401000-7f95314ff000 rw-p 00000000 00:00 0                          [stack:11932]
7f95314ff000-7f9531507000 r-xp 00000000 fc:00 5114020                    /usr/lib/jvm/java-7-openjdk-amd64/jre/lib/amd64/libmanagement.so
7f9531507000-7f9531706000 ---p 00008000 fc:00 5114020                    /usr/lib/jvm/java-7-openjdk-amd64/jre/lib/amd64/libmanagement.so
7f9531706000-7f9531707000 r--p 00007000 fc:00 5114020                    /usr/lib/jvm/java-7-openjdk-amd64/jre/lib/amd64/libmanagement.so
7f9531707000-7f9531708000 rw-p 00008000 fc:00 5114020                    /usr/lib/jvm/java-7-openjdk-amd64/jre/lib/amd64/libmanagement.so
7f9531708000-7f953170b000 ---p 00000000 00:00 0 
7f953170b000-7f9531809000 rw-p 00000000 00:00 0                          [stack:11922]
7f9531809000-7f9531811000 r--s 0007b000 00:19 7870324                    /home/ramiro-sanchez/.m2/repository/com/google/protobuf/protobuf-java/2.5.0/protobuf-java-2.5.0.jar
7f9531811000-7f953183e000 r--s 0028a000 00:19 7736456                    /home/ramiro-sanchez/.m2/repository/com/google/javascript/closure-compiler/v20140625/closure-compiler-v20140625.jar
7f953183e000-7f9531840000 r--s 0000e000 00:19 7996884                    /home/ramiro-sanchez/.m2/repository/com/taoensso/encore/1.11.2/encore-1.11.2.jar
7f9531840000-7f9531842000 r--s 00085000 00:19 7870343                    /home/ramiro-sanchez/.m2/repository/hodgepodge/hodgepodge/0.1.0/hodgepodge-0.1.0.jar
7f9531842000-7f9531843000 r--s 00007000 00:19 7736703                    /home/ramiro-sanchez/.m2/repository/shodan/shodan/0.4.1/shodan-0.4.1.jar
7f9531843000-7f9531845000 r--s 00001000 00:19 7870349                    /home/ramiro-sanchez/.m2/repository/org/clojars/trptcolin/sjacket/0.1.0.6/sjacket-0.1.0.6.jar
7f9531845000-7f9531846000 r--s 00002000 00:19 7870337                    /home/ramiro-sanchez/.m2/repository/secretary/secretary/1.2.1/secretary-1.2.1.jar
7f9531846000-7f9531847000 r--s 00002000 00:19 5381608                    /home/ramiro-sanchez/.m2/repository/clout/clout/2.1.0/clout-2.1.0.jar
7f9531847000-7f9531848000 r--s 00001000 00:19 5381588                    /home/ramiro-sanchez/.m2/repository/org/clojure/data.priority-map/0.0.2/data.priority-map-0.0.2.jar
7f9531848000-7f9531849000 r--s 00001000 00:19 7996897                    /home/ramiro-sanchez/.m2/repository/swiss-arrows/swiss-arrows/1.0.0/swiss-arrows-1.0.0.jar
7f9531849000-7f953184b000 r--s 00006000 00:19 7996885                    /home/ramiro-sanchez/.m2/repository/com/taoensso/nippy/2.7.0/nippy-2.7.0.jar
7f953184b000-7f953184d000 r--s 0000d000 00:19 5381582                    /home/ramiro-sanchez/.m2/repository/org/clojure/core.async/0.1.346.0-17112a-alpha/core.async-0.1.346.0-17112a-alpha.jar
7f953184d000-7f953184e000 r--s 00001000 00:19 6693414                    /home/ramiro-sanchez/.m2/repository/org/clojure/data.json/0.2.3/data.json-0.2.3.jar
7f953184e000-7f9531851000 r--s 00017000 00:19 7736427                    /home/ramiro-sanchez/.m2/repository/org/eclipse/jetty/jetty-io/9.2.5.v20141112/jetty-io-9.2.5.v20141112.jar
7f9531851000-7f9531853000 r--s 00027000 00:19 7996865                    /home/ramiro-sanchez/.m2/repository/net/jpountz/lz4/lz4/1.2.0/lz4-1.2.0.jar
7f9531853000-7f9531854000 r--s 00002000 00:19 5381610                    /home/ramiro-sanchez/.m2/repository/medley/medley/0.5.3/medley-0.5.3.jar
7f9531854000-7f9531855000 r--s 00004000 00:19 7736464                    /home/ramiro-sanchez/.m2/repository/cc/qbits/jet/0.5.1/jet-0.5.1.jar
7f9531855000-7f9531857000 r--s 00003000 00:19 7736437                    /home/ramiro-sanchez/.m2/repository/org/eclipse/jetty/websocket/websocket-servlet/9.2.5.v20141112/websocket-servlet-9.2.5.v20141112.jar
7f9531857000-7f953185e000 r--s 0003a000 00:19 5902849                    /home/ramiro-sanchez/.m2/repository/commons-codec/commons-codec/1.9/commons-codec-1.9.jar
7f953185e000-7f9531865000 r--s 00022000 00:19 7997126                    /home/ramiro-sanchez/.m2/repository/rocks/xmpp/xmpp-core/0.4.0/xmpp-core-0.4.0.jar
7f9531865000-7f95318a5000 r--s 00277000 00:19 7996872                    /home/ramiro-sanchez/.m2/repository/org/bouncycastle/bcprov-jdk15on/1.51/bcprov-jdk15on-1.51.jar
7f95318a5000-7f95318d2000 r--s 004c0000 00:19 6173367                    /home/ramiro-sanchez/.m2/repository/org/clojure/google-closure-library/0.0-20140718-946a7d39/google-closure-library-0.0-20140718-946a7d39.jar
7f95318d2000-7f953190f000 r-xp 00000000 fc:00 2363514                    /lib/x86_64-linux-gnu/libpcre.so.3.13.1
7f953190f000-7f9531b0e000 ---p 0003d000 fc:00 2363514                    /lib/x86_64-linux-gnu/libpcre.so.3.13.1
7f9531b0e000-7f9531b0f000 r--p 0003c000 fc:00 2363514                    /lib/x86_64-linux-gnu/libpcre.so.3.13.1
7f9531b0f000-7f9531b10000 rw-p 0003d000 fc:00 2363514                    /lib/x86_64-linux-gnu/libpcre.so.3.13.1
7f9531b10000-7f9531b17000 r-xp 00000000 fc:00 4988529                    /usr/lib/x86_64-linux-gnu/libffi.so.6.0.1
7f9531b17000-7f9531d16000 ---p 00007000 fc:00 4988529                    /usr/lib/x86_64-linux-gnu/libffi.so.6.0.1
7f9531d16000-7f9531d17000 r--p 00006000 fc:00 4988529                    /usr/lib/x86_64-linux-gnu/libffi.so.6.0.1
7f9531d17000-7f9531d18000 rw-p 00007000 fc:00 4988529                    /usr/lib/x86_64-linux-gnu/libffi.so.6.0.1
7f9531d18000-7f9531d2f000 r-xp 00000000 fc:00 2363537                    /lib/x86_64-linux-gnu/libresolv-2.19.so
7f9531d2f000-7f9531f2f000 ---p 00017000 fc:00 2363537                    /lib/x86_64-linux-gnu/libresolv-2.19.so
7f9531f2f000-7f9531f30000 r--p 00017000 fc:00 2363537                    /lib/x86_64-linux-gnu/libresolv-2.19.so
7f9531f30000-7f9531f31000 rw-p 00018000 fc:00 2363537                    /lib/x86_64-linux-gnu/libresolv-2.19.so
7f9531f31000-7f9531f33000 rw-p 00000000 00:00 0 
7f9531f33000-7f9531f53000 r-xp 00000000 fc:00 2363541                    /lib/x86_64-linux-gnu/libselinux.so.1
7f9531f53000-7f9532152000 ---p 00020000 fc:00 2363541                    /lib/x86_64-linux-gnu/libselinux.so.1
7f9532152000-7f9532153000 r--p 0001f000 fc:00 2363541                    /lib/x86_64-linux-gnu/libselinux.so.1
7f9532153000-7f9532154000 rw-p 00020000 fc:00 2363541                    /lib/x86_64-linux-gnu/libselinux.so.1
7f9532154000-7f9532156000 rw-p 00000000 00:00 0 
7f9532156000-7f9532159000 r-xp 00000000 fc:00 4988663                    /usr/lib/x86_64-linux-gnu/libgmodule-2.0.so.0.4002.0
7f9532159000-7f9532358000 ---p 00003000 fc:00 4988663                    /usr/lib/x86_64-linux-gnu/libgmodule-2.0.so.0.4002.0
7f9532358000-7f9532359000 r--p 00002000 fc:00 4988663                    /usr/lib/x86_64-linux-gnu/libgmodule-2.0.so.0.4002.0
7f9532359000-7f953235a000 rw-p 00003000 fc:00 4988663                    /usr/lib/x86_64-linux-gnu/libgmodule-2.0.so.0.4002.0
7f953235a000-7f9532460000 r-xp 00000000 fc:00 2363441                    /lib/x86_64-linux-gnu/libglib-2.0.so.0.4002.0
7f9532460000-7f953265f000 ---p 00106000 fc:00 2363441                    /lib/x86_64-linux-gnu/libglib-2.0.so.0.4002.0
7f953265f000-7f9532660000 r--p 00105000 fc:00 2363441                    /lib/x86_64-linux-gnu/libglib-2.0.so.0.4002.0
7f9532660000-7f9532661000 rw-p 00106000 fc:00 2363441                    /lib/x86_64-linux-gnu/libglib-2.0.so.0.4002.0
7f9532661000-7f9532662000 rw-p 00000000 00:00 0 
7f9532662000-7f95326b1000 r-xp 00000000 fc:00 4988687                    /usr/lib/x86_64-linux-gnu/libgobject-2.0.so.0.4002.0
7f95326b1000-7f95328b1000 ---p 0004f000 fc:00 4988687                    /usr/lib/x86_64-linux-gnu/libgobject-2.0.so.0.4002.0
7f95328b1000-7f95328b2000 r--p 0004f000 fc:00 4988687                    /usr/lib/x86_64-linux-gnu/libgobject-2.0.so.0.4002.0
7f95328b2000-7f95328b3000 rw-p 00050000 fc:00 4988687                    /usr/lib/x86_64-linux-gnu/libgobject-2.0.so.0.4002.0
7f95328b3000-7f9532a1f000 r-xp 00000000 fc:00 4988647                    /usr/lib/x86_64-linux-gnu/libgio-2.0.so.0.4002.0
7f9532a1f000-7f9532c1e000 ---p 0016c000 fc:00 4988647                    /usr/lib/x86_64-linux-gnu/libgio-2.0.so.0.4002.0
7f9532c1e000-7f9532c22000 r--p 0016b000 fc:00 4988647                    /usr/lib/x86_64-linux-gnu/libgio-2.0.so.0.4002.0
7f9532c22000-7f9532c24000 rw-p 0016f000 fc:00 4988647                    /usr/lib/x86_64-linux-gnu/libgio-2.0.so.0.4002.0
7f9532c24000-7f9532c26000 rw-p 00000000 00:00 0 
7f9532c26000-7f9532c27000 r--s 00000000 00:19 7870541                    /home/ramiro-sanchez/.m2/repository/org/clojars/hozumi/clj-glob/0.1.2/clj-glob-0.1.2.jar
7f9532c27000-7f9532c29000 r--s 00009000 00:19 7736442                    /home/ramiro-sanchez/.m2/repository/org/eclipse/jetty/websocket/websocket-api/9.2.5.v20141112/websocket-api-9.2.5.v20141112.jar
7f9532c29000-7f9532c2a000 r--s 00001000 00:19 919640                     /home/ramiro-sanchez/.m2/repository/fs/fs/1.1.2/fs-1.1.2.jar
7f9532c2a000-7f9532c2b000 r--s 00002000 00:19 7736451                    /home/ramiro-sanchez/.m2/repository/com/cemerick/piggieback/0.1.3/piggieback-0.1.3.jar
7f9532c2b000-7f9532c2c000 r--s 00002000 00:19 7996922                    /home/ramiro-sanchez/.m2/repository/riddley/riddley/0.1.7/riddley-0.1.7.jar
7f9532c2c000-7f9532c2f000 r--s 00015000 00:19 7736424                    /home/ramiro-sanchez/.m2/repository/javax/servlet/javax.servlet-api/3.1.0/javax.servlet-api-3.1.0.jar
7f9532c2f000-7f9532c30000 r--s 00051000 00:19 7870341                    /home/ramiro-sanchez/.m2/repository/com/facebook/react/0.11.2/react-0.11.2.jar
7f9532c30000-7f9532c31000 r--s 00000000 00:19 7736462                    /home/ramiro-sanchez/.m2/repository/crypto-random/crypto-random/1.2.0/crypto-random-1.2.0.jar
7f9532c31000-7f9532c33000 r--s 00008000 00:19 6830564                    /home/ramiro-sanchez/.m2/repository/org/clojure/tools.nrepl/0.2.6/tools.nrepl-0.2.6.jar
7f9532c33000-7f9532c35000 r--s 0002b000 00:19 5771813                    /home/ramiro-sanchez/.m2/repository/org/clojure/clojurescript/0.0-2496/clojurescript-0.0-2496.jar
7f9532c35000-7f9532c36000 r--s 0000b000 00:19 7996857                    /home/ramiro-sanchez/.m2/repository/org/iq80/snappy/snappy/0.3/snappy-0.3.jar
7f9532c36000-7f9532c39000 r--s 0001a000 00:19 7736433                    /home/ramiro-sanchez/.m2/repository/org/eclipse/jetty/jetty-servlet/9.2.5.v20141112/jetty-servlet-9.2.5.v20141112.jar
7f9532c39000-7f9532c3b000 r--s 00018000 00:19 7736425                    /home/ramiro-sanchez/.m2/repository/org/eclipse/jetty/jetty-http/9.2.5.v20141112/jetty-http-9.2.5.v20141112.jar
7f9532c3b000-7f9532c3c000 r--s 00005000 00:19 7870355                    /home/ramiro-sanchez/.m2/repository/net/cgrand/parsley/0.9.1/parsley-0.9.1.jar
7f9532c3c000-7f9532c3d000 r--s 00003000 00:19 7736458                    /home/ramiro-sanchez/.m2/repository/com/stuartsierra/component/0.2.2/component-0.2.2.jar
7f9532c3d000-7f9532c3e000 r--s 00006000 00:19 7870339                    /home/ramiro-sanchez/.m2/repository/sablono/sablono/0.2.22/sablono-0.2.22.jar
7f9532c3e000-7f9532c3f000 r--s 00001000 00:19 5381579                    /home/ramiro-sanchez/.m2/repository/org/clojure/core.memoize/0.5.6/core.memoize-0.5.6.jar
7f9532c3f000-7f9532c44000 r--s 00030000 00:19 5381590                    /home/ramiro-sanchez/.m2/repository/org/ow2/asm/asm-all/4.1/asm-all-4.1.jar
7f9532c44000-7f9532c46000 r--s 00003000 00:19 7996912                    /home/ramiro-sanchez/.m2/repository/potemkin/potemkin/0.3.11/potemkin-0.3.11.jar
7f9532c46000-7f9532c49000 r--s 00006000 00:19 7870328                    /home/ramiro-sanchez/.m2/repository/com/google/code/findbugs/jsr305/1.3.9/jsr305-1.3.9.jar
7f9532c49000-7f9532c60000 r-xp 00000000 fc:00 5114022                    /usr/lib/jvm/java-7-openjdk-amd64/jre/lib/amd64/libnet.so
7f9532c60000-7f9532e5f000 ---p 00017000 fc:00 5114022                    /usr/lib/jvm/java-7-openjdk-amd64/jre/lib/amd64/libnet.so
7f9532e5f000-7f9532e60000 r--p 00016000 fc:00 5114022                    /usr/lib/jvm/java-7-openjdk-amd64/jre/lib/amd64/libnet.so
7f9532e60000-7f9532e61000 rw-p 00017000 fc:00 5114022                    /usr/lib/jvm/java-7-openjdk-amd64/jre/lib/amd64/libnet.so
7f9532e61000-7f9532e71000 r-xp 00000000 fc:00 5114023                    /usr/lib/jvm/java-7-openjdk-amd64/jre/lib/amd64/libnio.so
7f9532e71000-7f9533071000 ---p 00010000 fc:00 5114023                    /usr/lib/jvm/java-7-openjdk-amd64/jre/lib/amd64/libnio.so
7f9533071000-7f9533072000 r--p 00010000 fc:00 5114023                    /usr/lib/jvm/java-7-openjdk-amd64/jre/lib/amd64/libnio.so
7f9533072000-7f9533073000 rw-p 00011000 fc:00 5114023                    /usr/lib/jvm/java-7-openjdk-amd64/jre/lib/amd64/libnio.so
7f9533073000-7f95330b4000 r--s 00352000 00:19 5247810                    /home/ramiro-sanchez/.m2/repository/org/clojure/clojure/1.7.0-alpha4/clojure-1.7.0-alpha4.jar
7f95330b4000-7f95330b5000 r--s 00001000 00:19 7870538                    /home/ramiro-sanchez/.m2/repository/hiccup-bridge/hiccup-bridge/1.0.1/hiccup-bridge-1.0.1.jar
7f95330b5000-7f95330b7000 r--s 00015000 00:19 7996640                    /home/ramiro-sanchez/.m2/repository/org/ccil/cowan/tagsoup/tagsoup/1.2.1/tagsoup-1.2.1.jar
7f95330b7000-7f95330bb000 r--s 00015000 00:19 7996860                    /home/ramiro-sanchez/.m2/repository/org/tukaani/xz/1.5/xz-1.5.jar
7f95330bb000-7f95330bc000 r--s 00002000 00:19 7870335                    /home/ramiro-sanchez/.m2/repository/weasel/weasel/0.4.2/weasel-0.4.2.jar
7f95330bc000-7f95330cb000 r--s 0007f000 00:19 7736486                    /home/ramiro-sanchez/.m2/repository/joda-time/joda-time/2.3/joda-time-2.3.jar
7f95330cb000-7f95330cc000 r--s 00006000 00:19 5381617                    /home/ramiro-sanchez/.m2/repository/ring/ring-core/1.3.2/ring-core-1.3.2.jar
7f95330cc000-7f95330ce000 r--s 00005000 00:19 7996649                    /home/ramiro-sanchez/.m2/repository/enlive/enlive/1.1.5/enlive-1.1.5.jar
7f95330ce000-7f95330cf000 r--s 00003000 00:19 5381605                    /home/ramiro-sanchez/.m2/repository/hiccup/hiccup/1.0.5/hiccup-1.0.5.jar
7f95330cf000-7f95330d0000 r--s 00004000 00:19 5381591                    /home/ramiro-sanchez/.m2/repository/org/clojure/tools.namespace/0.2.7/tools.namespace-0.2.7.jar
7f95330d0000-7f95330d2000 r--s 0000f000 00:19 5381601                    /home/ramiro-sanchez/.m2/repository/commons-fileupload/commons-fileupload/1.3/commons-fileupload-1.3.jar
7f95330d2000-7f95330d8000 r--s 00060000 00:19 7736423                    /home/ramiro-sanchez/.m2/repository/org/eclipse/jetty/jetty-server/9.2.5.v20141112/jetty-server-9.2.5.v20141112.jar
7f95330d8000-7f95330d9000 r--s 00000000 00:19 7870540                    /home/ramiro-sanchez/.m2/repository/clj-det-enc/clj-det-enc/1.0.0/clj-det-enc-1.0.0.jar
7f95330d9000-7f95330db000 r--s 00001000 00:19 6693425                    /home/ramiro-sanchez/.m2/repository/org/clojure/algo.monads/0.1.5/algo.monads-0.1.5.jar
7f95330db000-7f95330dc000 r--s 00003000 00:19 7996900                    /home/ramiro-sanchez/.m2/repository/clojurewerkz/scrypt/1.1.0/scrypt-1.1.0.jar
7f95330dc000-7f95330e2000 r--s 00042000 00:19 7996641                    /home/ramiro-sanchez/.m2/repository/org/jsoup/jsoup/1.7.2/jsoup-1.7.2.jar
7f95330e2000-7f95330e9000 r--s 0005e000 00:19 7997130                    /home/ramiro-sanchez/.m2/repository/org/apache/commons/commons-lang3/3.3.2/commons-lang3-3.3.2.jar
7f95330e9000-7f95330ea000 r--s 00002000 00:19 5381609                    /home/ramiro-sanchez/.m2/repository/jarohen/nomad/0.7.0/nomad-0.7.0.jar
7f95330ea000-7f95330eb000 r--s 0000c000 00:19 5381613                    /home/ramiro-sanchez/.m2/repository/instaparse/instaparse/1.3.4/instaparse-1.3.4.jar
7f95330eb000-7f95330f2000 r--s 00039000 00:19 7997125                    /home/ramiro-sanchez/.m2/repository/rocks/xmpp/xmpp-extensions-client/0.4.0/xmpp-extensions-client-0.4.0.jar
7f95330f2000-7f95330f6000 r--s 0002a000 00:19 5381600                    /home/ramiro-sanchez/.m2/repository/commons-io/commons-io/2.4/commons-io-2.4.jar
7f95330f6000-7f95330fb000 r--s 00032000 00:19 919642                     /home/ramiro-sanchez/.m2/repository/org/apache/commons/commons-compress/1.3/commons-compress-1.3.jar
7f95330fb000-7f95330fc000 ---p 00000000 00:00 0 
7f95330fc000-7f95331fc000 rw-p 00000000 00:00 0                          [stack:11921]
7f95331fc000-7f95331ff000 ---p 00000000 00:00 0 
7f95331ff000-7f95332fd000 rw-p 00000000 00:00 0                          [stack:11920]
7f95332fd000-7f9533300000 ---p 00000000 00:00 0 
7f9533300000-7f95333fe000 rw-p 00000000 00:00 0                          [stack:11919]
7f95333fe000-7f9533401000 ---p 00000000 00:00 0 
7f9533401000-7f95334ff000 rw-p 00000000 00:00 0                          [stack:11918]
7f95334ff000-7f9533502000 ---p 00000000 00:00 0 
7f9533502000-7f9533600000 rw-p 00000000 00:00 0                          [stack:11917]
7f9533600000-7f95339fa000 r--p 00000000 fc:00 4986898                    /usr/lib/locale/locale-archive
7f95339fa000-7f95339fd000 ---p 00000000 00:00 0 
7f95339fd000-7f9533afb000 rw-p 00000000 00:00 0                          [stack:11916]
7f9533afb000-7f9533afe000 ---p 00000000 00:00 0 
7f9533afe000-7f9533bfc000 rw-p 00000000 00:00 0                          [stack:11915]
7f9533bfc000-7f9533bfd000 ---p 00000000 00:00 0 
7f9533bfd000-7f9534000000 rw-p 00000000 00:00 0                          [stack:11914]
7f9534000000-7f9534021000 rw-p 00000000 00:00 0 
7f9534021000-7f9538000000 ---p 00000000 00:00 0 
7f9538000000-7f9538021000 rw-p 00000000 00:00 0 
7f9538021000-7f953c000000 ---p 00000000 00:00 0 
7f953c000000-7f953c021000 rw-p 00000000 00:00 0 
7f953c021000-7f9540000000 ---p 00000000 00:00 0 
7f9540000000-7f9540001000 r--s 00000000 00:19 7736463                    /home/ramiro-sanchez/.m2/repository/crypto-equality/crypto-equality/1.0.0/crypto-equality-1.0.0.jar
7f9540001000-7f9540002000 r--s 0001c000 00:19 7870318                    /home/ramiro-sanchez/.m2/repository/com/google/javascript/closure-compiler-externs/v20140625/closure-compiler-externs-v20140625.jar
7f9540002000-7f9540004000 r--s 0000a000 00:19 7870326                    /home/ramiro-sanchez/.m2/repository/org/json/json/20090211/json-20090211.jar
7f9540004000-7f9540011000 r--s 00109000 00:19 7870332                    /home/ramiro-sanchez/.m2/repository/org/mozilla/rhino/1.7R4/rhino-1.7R4.jar
7f9540011000-7f9540013000 r--s 0000b000 00:19 7996864                    /home/ramiro-sanchez/.m2/repository/com/lambdaworks/scrypt/1.4.0/scrypt-1.4.0.jar
7f9540013000-7f9540016000 r--s 00010000 00:19 7870320                    /home/ramiro-sanchez/.m2/repository/args4j/args4j/2.0.26/args4j-2.0.26.jar
7f9540016000-7f9540017000 r--s 00004000 00:19 7870342                    /home/ramiro-sanchez/.m2/repository/om/om/0.8.0-beta3/om-0.8.0-beta3.jar
7f9540017000-7f954001a000 r--s 00019000 00:19 7870336                    /home/ramiro-sanchez/.m2/repository/http-kit/http-kit/2.1.18/http-kit-2.1.18.jar
7f954001a000-7f954001c000 r--s 0000b000 00:19 7870347                    /home/ramiro-sanchez/.m2/repository/cats/cats/0.2.0/cats-0.2.0.jar
7f954001c000-7f954001d000 r--s 00003000 00:19 7870353                    /home/ramiro-sanchez/.m2/repository/net/cgrand/regex/1.1.0/regex-1.1.0.jar
7f954001d000-7f954001f000 r--s 0001c000 00:19 7997121                    /home/ramiro-sanchez/.m2/repository/rocks/xmpp/xmpp-debug/0.4.0/xmpp-debug-0.4.0.jar
7f954001f000-7f9540025000 r--s 0004f000 00:19 7736444                    /home/ramiro-sanchez/.m2/repository/org/eclipse/jetty/jetty-util/9.2.5.v20141112/jetty-util-9.2.5.v20141112.jar
7f9540025000-7f9540026000 r--s 00001000 00:19 7996881                    /home/ramiro-sanchez/.m2/repository/clj-stacktrace/clj-stacktrace/0.2.5/clj-stacktrace-0.2.5.jar
7f9540026000-7f9540051000 r--s 001f9000 00:19 7870323                    /home/ramiro-sanchez/.m2/repository/com/google/guava/guava/17.0/guava-17.0.jar
7f9540051000-7f9540052000 r--s 00002000 00:19 7736696                    /home/ramiro-sanchez/.m2/repository/cuerdas/cuerdas/0.1.0-SNAPSHOT/cuerdas-0.1.0-SNAPSHOT.jar
7f9540052000-7f9540065000 r--s 00060000 00:19 7997122                    /home/ramiro-sanchez/.m2/repository/rocks/xmpp/xmpp-extensions/0.4.0/xmpp-extensions-0.4.0.jar
7f9540065000-7f9540066000 r--s 00004000 00:19 6035018                    /home/ramiro-sanchez/.m2/repository/clj-time/clj-time/0.8.0/clj-time-0.8.0.jar
7f9540066000-7f9540068000 r--s 00011000 00:19 6454753                    /home/ramiro-sanchez/.m2/repository/org/clojure/google-closure-library-third-party/0.0-20140718-946a7d39/google-closure-library-third-party-0.0-20140718-946a7d39.jar
7f9540068000-7f9540069000 r--s 00003000 00:19 5381607                    /home/ramiro-sanchez/.m2/repository/compojure/compojure/1.3.1/compojure-1.3.1.jar
7f9540069000-7f954006a000 r--s 00005000 00:19 6693416                    /home/ramiro-sanchez/.m2/repository/org/clojure/core.match/0.2.0/core.match-0.2.0.jar
7f954006a000-7f954006e000 r--s 0001e000 00:19 7997133                    /home/ramiro-sanchez/.m2/repository/rocks/xmpp/xmpp-core-client/0.4.0/xmpp-core-client-0.4.0.jar
7f954006e000-7f954006f000 r--s 00002000 00:19 5381584                    /home/ramiro-sanchez/.m2/repository/org/clojure/core.cache/0.6.3/core.cache-0.6.3.jar
7f954006f000-7f9540071000 r--s 00003000 00:19 5384853                    /home/ramiro-sanchez/.m2/repository/figwheel/figwheel/0.1.7-SNAPSHOT/figwheel-0.1.7-SNAPSHOT.jar
7f9540071000-7f9540072000 r--s 00004000 00:19 7736466                    /home/ramiro-sanchez/.m2/repository/cheshire/cheshire/5.3.1/cheshire-5.3.1.jar
7f9540072000-7f9540074000 r--s 00007000 00:19 5381580                    /home/ramiro-sanchez/.m2/repository/org/clojure/tools.analyzer.jvm/0.1.0-beta12/tools.analyzer.jvm-0.1.0-beta12.jar
7f9540074000-7f9540084000 r--s 00084000 00:19 7996873                    /home/ramiro-sanchez/.m2/repository/org/bouncycastle/bcpkix-jdk15on/1.51/bcpkix-jdk15on-1.51.jar
7f9540084000-7f9540d7e000 rw-p 00000000 00:00 0 
7f9540d7e000-7f9540f2f000 r--s 01d25000 fc:00 5113985                    /usr/lib/jvm/java-7-openjdk-amd64/jre/lib/rt.jar
7f9540f2f000-7f9541000000 rw-p 00000000 00:00 0 
7f9541000000-7f9541570000 rwxp 00000000 00:00 0 
7f9541570000-7f9545365000 rw-p 00000000 00:00 0 
7f9545365000-7f9548000000 ---p 00000000 00:00 0 
7f9548000000-7f9548001000 r--s 00001000 00:19 5384856                    /home/ramiro-sanchez/.m2/repository/ring-cors/ring-cors/0.1.4/ring-cors-0.1.4.jar
7f9548001000-7f9548005000 r--s 0002d000 00:19 7736448                    /home/ramiro-sanchez/.m2/repository/com/fasterxml/jackson/core/jackson-core/2.3.1/jackson-core-2.3.1.jar
7f9548005000-7f9548006000 r--s 00000000 00:19 5381616                    /home/ramiro-sanchez/.m2/repository/ring/ring-codec/1.0.0/ring-codec-1.0.0.jar
7f9548006000-7f9548007000 r--s 00003000 00:19 7870348                    /home/ramiro-sanchez/.m2/repository/com/keminglabs/cljx/0.4.0/cljx-0.4.0.jar
7f9548007000-7f9548009000 r--s 00000000 00:19 7736459                    /home/ramiro-sanchez/.m2/repository/com/stuartsierra/dependency/0.1.1/dependency-0.1.1.jar
7f9548009000-7f954800b000 r--s 00007000 00:19 7736443                    /home/ramiro-sanchez/.m2/repository/org/eclipse/jetty/websocket/websocket-client/9.2.5.v20141112/websocket-client-9.2.5.v20141112.jar
7f954800b000-7f954800c000 r--s 00000000 00:19 7996925                    /home/ramiro-sanchez/.m2/repository/clojure-complete/clojure-complete/0.2.3/clojure-complete-0.2.3.jar
7f954800c000-7f954800d000 r--s 00000000 00:19 5507532                    /home/ramiro-sanchez/.m2/repository/digest/digest/1.4.3/digest-1.4.3.jar
7f954800d000-7f954800f000 r--s 00011000 00:19 7736450                    /home/ramiro-sanchez/.m2/repository/com/fasterxml/jackson/dataformat/jackson-dataformat-smile/2.3.1/jackson-dataformat-smile-2.3.1.jar
7f954800f000-7f9548013000 r--s 00028000 00:19 7736432                    /home/ramiro-sanchez/.m2/repository/org/eclipse/jetty/websocket/websocket-common/9.2.5.v20141112/websocket-common-9.2.5.v20141112.jar
7f9548013000-7f9548477000 rw-p 00000000 00:00 0 
7f9548477000-7f9548478000 ---p 00000000 00:00 0 
7f9548478000-7f9548578000 rw-p 00000000 00:00 0                          [stack:11913]
7f9548578000-7f9548579000 ---p 00000000 00:00 0 
7f9548579000-7f9548679000 rw-p 00000000 00:00 0                          [stack:11912]
7f9548679000-7f954867a000 ---p 00000000 00:00 0 
7f954867a000-7f954877a000 rw-p 00000000 00:00 0                          [stack:11911]
7f954877a000-7f954877b000 ---p 00000000 00:00 0 
7f954877b000-7f9548894000 rw-p 00000000 00:00 0                          [stack:11910]
7f9548894000-7f95488ce000 rw-p 00000000 00:00 0 
7f95488ce000-7f95488f6000 rw-p 00000000 00:00 0 
7f95488f6000-7f9548b4e000 rw-p 00000000 00:00 0 
7f9548b4e000-7f9548b67000 rw-p 00000000 00:00 0 
7f9548b67000-7f9548ba1000 rw-p 00000000 00:00 0 
7f9548ba1000-7f9548bc9000 rw-p 00000000 00:00 0 
7f9548bc9000-7f9548e21000 rw-p 00000000 00:00 0 
7f9548e21000-7f9548f61000 rw-p 00000000 00:00 0 
7f9548f61000-7f9548f62000 rw-p 00000000 00:00 0 
7f9548f62000-7f9548f6a000 r-xp 00000000 fc:00 5114030                    /usr/lib/jvm/java-7-openjdk-amd64/jre/lib/amd64/libzip.so
7f9548f6a000-7f9549169000 ---p 00008000 fc:00 5114030                    /usr/lib/jvm/java-7-openjdk-amd64/jre/lib/amd64/libzip.so
7f9549169000-7f954916a000 r--p 00007000 fc:00 5114030                    /usr/lib/jvm/java-7-openjdk-amd64/jre/lib/amd64/libzip.so
7f954916a000-7f954916b000 rw-p 00008000 fc:00 5114030                    /usr/lib/jvm/java-7-openjdk-amd64/jre/lib/amd64/libzip.so
7f954916b000-7f9549176000 r-xp 00000000 fc:00 2363486                    /lib/x86_64-linux-gnu/libnss_files-2.19.so
7f9549176000-7f9549375000 ---p 0000b000 fc:00 2363486                    /lib/x86_64-linux-gnu/libnss_files-2.19.so
7f9549375000-7f9549376000 r--p 0000a000 fc:00 2363486                    /lib/x86_64-linux-gnu/libnss_files-2.19.so
7f9549376000-7f9549377000 rw-p 0000b000 fc:00 2363486                    /lib/x86_64-linux-gnu/libnss_files-2.19.so
7f9549377000-7f9549382000 r-xp 00000000 fc:00 2363496                    /lib/x86_64-linux-gnu/libnss_nis-2.19.so
7f9549382000-7f9549581000 ---p 0000b000 fc:00 2363496                    /lib/x86_64-linux-gnu/libnss_nis-2.19.so
7f9549581000-7f9549582000 r--p 0000a000 fc:00 2363496                    /lib/x86_64-linux-gnu/libnss_nis-2.19.so
7f9549582000-7f9549583000 rw-p 0000b000 fc:00 2363496                    /lib/x86_64-linux-gnu/libnss_nis-2.19.so
7f9549583000-7f954959a000 r-xp 00000000 fc:00 2363480                    /lib/x86_64-linux-gnu/libnsl-2.19.so
7f954959a000-7f9549799000 ---p 00017000 fc:00 2363480                    /lib/x86_64-linux-gnu/libnsl-2.19.so
7f9549799000-7f954979a000 r--p 00016000 fc:00 2363480                    /lib/x86_64-linux-gnu/libnsl-2.19.so
7f954979a000-7f954979b000 rw-p 00017000 fc:00 2363480                    /lib/x86_64-linux-gnu/libnsl-2.19.so
7f954979b000-7f954979d000 rw-p 00000000 00:00 0 
7f954979d000-7f95497a6000 r-xp 00000000 fc:00 2363482                    /lib/x86_64-linux-gnu/libnss_compat-2.19.so
7f95497a6000-7f95499a5000 ---p 00009000 fc:00 2363482                    /lib/x86_64-linux-gnu/libnss_compat-2.19.so
7f95499a5000-7f95499a6000 r--p 00008000 fc:00 2363482                    /lib/x86_64-linux-gnu/libnss_compat-2.19.so
7f95499a6000-7f95499a7000 rw-p 00009000 fc:00 2363482                    /lib/x86_64-linux-gnu/libnss_compat-2.19.so
7f95499a7000-7f95499d2000 r-xp 00000000 fc:00 5114009                    /usr/lib/jvm/java-7-openjdk-amd64/jre/lib/amd64/libjava.so
7f95499d2000-7f9549bd1000 ---p 0002b000 fc:00 5114009                    /usr/lib/jvm/java-7-openjdk-amd64/jre/lib/amd64/libjava.so
7f9549bd1000-7f9549bd2000 r--p 0002a000 fc:00 5114009                    /usr/lib/jvm/java-7-openjdk-amd64/jre/lib/amd64/libjava.so
7f9549bd2000-7f9549bd4000 rw-p 0002b000 fc:00 5114009                    /usr/lib/jvm/java-7-openjdk-amd64/jre/lib/amd64/libjava.so
7f9549bd4000-7f9549be4000 r-xp 00000000 fc:00 5114029                    /usr/lib/jvm/java-7-openjdk-amd64/jre/lib/amd64/libverify.so
7f9549be4000-7f9549de3000 ---p 00010000 fc:00 5114029                    /usr/lib/jvm/java-7-openjdk-amd64/jre/lib/amd64/libverify.so
7f9549de3000-7f9549de5000 r--p 0000f000 fc:00 5114029                    /usr/lib/jvm/java-7-openjdk-amd64/jre/lib/amd64/libverify.so
7f9549de5000-7f9549de6000 rw-p 00011000 fc:00 5114029                    /usr/lib/jvm/java-7-openjdk-amd64/jre/lib/amd64/libverify.so
7f9549de6000-7f9549ded000 r-xp 00000000 fc:00 2363539                    /lib/x86_64-linux-gnu/librt-2.19.so
7f9549ded000-7f9549fec000 ---p 00007000 fc:00 2363539                    /lib/x86_64-linux-gnu/librt-2.19.so
7f9549fec000-7f9549fed000 r--p 00006000 fc:00 2363539                    /lib/x86_64-linux-gnu/librt-2.19.so
7f9549fed000-7f9549fee000 rw-p 00007000 fc:00 2363539                    /lib/x86_64-linux-gnu/librt-2.19.so
7f9549fee000-7f954a004000 r-xp 00000000 fc:00 2363437                    /lib/x86_64-linux-gnu/libgcc_s.so.1
7f954a004000-7f954a203000 ---p 00016000 fc:00 2363437                    /lib/x86_64-linux-gnu/libgcc_s.so.1
7f954a203000-7f954a204000 rw-p 00015000 fc:00 2363437                    /lib/x86_64-linux-gnu/libgcc_s.so.1
7f954a204000-7f954a309000 r-xp 00000000 fc:00 2363461                    /lib/x86_64-linux-gnu/libm-2.19.so
7f954a309000-7f954a508000 ---p 00105000 fc:00 2363461                    /lib/x86_64-linux-gnu/libm-2.19.so
7f954a508000-7f954a509000 r--p 00104000 fc:00 2363461                    /lib/x86_64-linux-gnu/libm-2.19.so
7f954a509000-7f954a50a000 rw-p 00105000 fc:00 2363461                    /lib/x86_64-linux-gnu/libm-2.19.so
7f954a50a000-7f954a5f0000 r-xp 00000000 fc:00 4989242                    /usr/lib/x86_64-linux-gnu/libstdc++.so.6.0.19
7f954a5f0000-7f954a7ef000 ---p 000e6000 fc:00 4989242                    /usr/lib/x86_64-linux-gnu/libstdc++.so.6.0.19
7f954a7ef000-7f954a7f7000 r--p 000e5000 fc:00 4989242                    /usr/lib/x86_64-linux-gnu/libstdc++.so.6.0.19
7f954a7f7000-7f954a7f9000 rw-p 000ed000 fc:00 4989242                    /usr/lib/x86_64-linux-gnu/libstdc++.so.6.0.19
7f954a7f9000-7f954a80e000 rw-p 00000000 00:00 0 
7f954a80e000-7f954b324000 r-xp 00000000 fc:00 5114037                    /usr/lib/jvm/java-7-openjdk-amd64/jre/lib/amd64/server/libjvm.so
7f954b324000-7f954b523000 ---p 00b16000 fc:00 5114037                    /usr/lib/jvm/java-7-openjdk-amd64/jre/lib/amd64/server/libjvm.so
7f954b523000-7f954b5bd000 r--p 00b15000 fc:00 5114037                    /usr/lib/jvm/java-7-openjdk-amd64/jre/lib/amd64/server/libjvm.so
7f954b5bd000-7f954b5e0000 rw-p 00baf000 fc:00 5114037                    /usr/lib/jvm/java-7-openjdk-amd64/jre/lib/amd64/server/libjvm.so
7f954b5e0000-7f954b60e000 rw-p 00000000 00:00 0 
7f954b60e000-7f954b626000 r-xp 00000000 fc:00 2363574                    /lib/x86_64-linux-gnu/libz.so.1.2.8
7f954b626000-7f954b825000 ---p 00018000 fc:00 2363574                    /lib/x86_64-linux-gnu/libz.so.1.2.8
7f954b825000-7f954b826000 r--p 00017000 fc:00 2363574                    /lib/x86_64-linux-gnu/libz.so.1.2.8
7f954b826000-7f954b827000 rw-p 00018000 fc:00 2363574                    /lib/x86_64-linux-gnu/libz.so.1.2.8
7f954b827000-7f954b840000 r-xp 00000000 fc:00 2363531                    /lib/x86_64-linux-gnu/libpthread-2.19.so
7f954b840000-7f954ba3f000 ---p 00019000 fc:00 2363531                    /lib/x86_64-linux-gnu/libpthread-2.19.so
7f954ba3f000-7f954ba40000 r--p 00018000 fc:00 2363531                    /lib/x86_64-linux-gnu/libpthread-2.19.so
7f954ba40000-7f954ba41000 rw-p 00019000 fc:00 2363531                    /lib/x86_64-linux-gnu/libpthread-2.19.so
7f954ba41000-7f954ba45000 rw-p 00000000 00:00 0 
7f954ba45000-7f954ba48000 r-xp 00000000 fc:00 2363427                    /lib/x86_64-linux-gnu/libdl-2.19.so
7f954ba48000-7f954bc47000 ---p 00003000 fc:00 2363427                    /lib/x86_64-linux-gnu/libdl-2.19.so
7f954bc47000-7f954bc48000 r--p 00002000 fc:00 2363427                    /lib/x86_64-linux-gnu/libdl-2.19.so
7f954bc48000-7f954bc49000 rw-p 00003000 fc:00 2363427                    /lib/x86_64-linux-gnu/libdl-2.19.so
7f954bc49000-7f954be04000 r-xp 00000000 fc:00 2363410                    /lib/x86_64-linux-gnu/libc-2.19.so
7f954be04000-7f954c004000 ---p 001bb000 fc:00 2363410                    /lib/x86_64-linux-gnu/libc-2.19.so
7f954c004000-7f954c008000 r--p 001bb000 fc:00 2363410                    /lib/x86_64-linux-gnu/libc-2.19.so
7f954c008000-7f954c00a000 rw-p 001bf000 fc:00 2363410                    /lib/x86_64-linux-gnu/libc-2.19.so
7f954c00a000-7f954c00f000 rw-p 00000000 00:00 0 
7f954c00f000-7f954c01c000 r-xp 00000000 fc:00 5114033                    /usr/lib/jvm/java-7-openjdk-amd64/jre/lib/amd64/jli/libjli.so
7f954c01c000-7f954c21b000 ---p 0000d000 fc:00 5114033                    /usr/lib/jvm/java-7-openjdk-amd64/jre/lib/amd64/jli/libjli.so
7f954c21b000-7f954c21c000 r--p 0000c000 fc:00 5114033                    /usr/lib/jvm/java-7-openjdk-amd64/jre/lib/amd64/jli/libjli.so
7f954c21c000-7f954c21d000 rw-p 0000d000 fc:00 5114033                    /usr/lib/jvm/java-7-openjdk-amd64/jre/lib/amd64/jli/libjli.so
7f954c21d000-7f954c240000 r-xp 00000000 fc:00 2363386                    /lib/x86_64-linux-gnu/ld-2.19.so
7f954c240000-7f954c241000 r--s 00001000 00:19 5381597                    /home/ramiro-sanchez/.m2/repository/org/clojure/tools.macro/0.1.5/tools.macro-0.1.5.jar
7f954c241000-7f954c244000 r--s 00019000 00:19 7996892                    /home/ramiro-sanchez/.m2/repository/cljsbuild/cljsbuild/1.0.3/cljsbuild-1.0.3.jar
7f954c244000-7f954c245000 r--s 00001000 00:19 7736469                    /home/ramiro-sanchez/.m2/repository/tigris/tigris/0.1.1/tigris-0.1.1.jar
7f954c245000-7f954c247000 r--s 0000f000 00:19 7996888                    /home/ramiro-sanchez/.m2/repository/buddy/buddy/0.2.3/buddy-0.2.3.jar
7f954c247000-7f954c24a000 r--s 00015000 00:19 7736436                    /home/ramiro-sanchez/.m2/repository/org/eclipse/jetty/jetty-security/9.2.5.v20141112/jetty-security-9.2.5.v20141112.jar
7f954c24a000-7f954c24c000 r--s 00005000 00:19 5381581                    /home/ramiro-sanchez/.m2/repository/org/clojure/tools.analyzer/0.1.0-beta12/tools.analyzer-0.1.0-beta12.jar
7f954c24c000-7f954c24f000 r--s 00033000 00:19 7996637                    /home/ramiro-sanchez/.m2/repository/com/googlecode/juniversalchardet/juniversalchardet/1.0.3/juniversalchardet-1.0.3.jar
7f954c24f000-7f954c254000 r--s 00033000 00:19 7736445                    /home/ramiro-sanchez/.m2/repository/org/eclipse/jetty/jetty-client/9.2.5.v20141112/jetty-client-9.2.5.v20141112.jar
7f954c254000-7f954c26a000 rw-p 00000000 00:00 0 
7f954c26a000-7f954c314000 rw-p 00000000 00:00 0 
7f954c314000-7f954c317000 ---p 00000000 00:00 0 
7f954c317000-7f954c41a000 rw-p 00000000 00:00 0                          [stack:11909]
7f954c41a000-7f954c41b000 r--s 00000000 00:19 7870354                    /home/ramiro-sanchez/.m2/repository/watchtower/watchtower/0.1.1/watchtower-0.1.1.jar
7f954c41b000-7f954c41c000 r--s 00007000 00:19 5381593                    /home/ramiro-sanchez/.m2/repository/org/clojure/tools.reader/0.8.4/tools.reader-0.8.4.jar
7f954c41c000-7f954c41d000 r--s 00001000 00:19 7996917                    /home/ramiro-sanchez/.m2/repository/clj-tuple/clj-tuple/0.1.7/clj-tuple-0.1.7.jar
7f954c41d000-7f954c41f000 r--s 00008000 00:19 7736431                    /home/ramiro-sanchez/.m2/repository/org/eclipse/jetty/websocket/websocket-server/9.2.5.v20141112/websocket-server-9.2.5.v20141112.jar
7f954c41f000-7f954c420000 r--s 00002000 fc:00 5114044                    /usr/lib/jvm/java-7-openjdk-amd64/jre/lib/ext/dnsns.jar
7f954c420000-7f954c424000 r--s 00034000 fc:00 5114049                    /usr/lib/jvm/java-7-openjdk-amd64/jre/lib/ext/sunjce_provider.jar
7f954c424000-7f954c426000 r--s 00006000 fc:00 5509727                    /usr/share/java/java-atk-wrapper.jar
7f954c426000-7f954c428000 r--s 00012000 fc:00 5114051                    /usr/lib/jvm/java-7-openjdk-amd64/jre/lib/ext/zipfs.jar
7f954c428000-7f954c42b000 r--s 0000f000 fc:00 5114045                    /usr/lib/jvm/java-7-openjdk-amd64/jre/lib/ext/icedtea-sound.jar
7f954c42b000-7f954c42f000 r--s 0003c000 fc:00 5114050                    /usr/lib/jvm/java-7-openjdk-amd64/jre/lib/ext/sunpkcs11.jar
7f954c42f000-7f954c433000 r--s 00085000 fc:00 5114048                    /usr/lib/jvm/java-7-openjdk-amd64/jre/lib/ext/localedata.jar
7f954c433000-7f954c43b000 rw-s 00000000 fc:00 11010078                   /tmp/hsperfdata_ramiro-sanchez/11903
7f954c43b000-7f954c43c000 rw-p 00000000 00:00 0 
7f954c43c000-7f954c43d000 ---p 00000000 00:00 0 
7f954c43d000-7f954c43f000 rw-p 00000000 00:00 0 
7f954c43f000-7f954c440000 r--p 00022000 fc:00 2363386                    /lib/x86_64-linux-gnu/ld-2.19.so
7f954c440000-7f954c441000 rw-p 00023000 fc:00 2363386                    /lib/x86_64-linux-gnu/ld-2.19.so
7f954c441000-7f954c442000 rw-p 00000000 00:00 0 
7fff33459000-7fff3347d000 rw-p 00000000 00:00 0                          [stack]
7fff33571000-7fff33573000 r-xp 00000000 00:00 0                          [vdso]
ffffffffff600000-ffffffffff601000 r-xp 00000000 00:00 0                  [vsyscall]

VM Arguments:
jvm_args: -Dfile.encoding=UTF-8 -Dnomad.env=devel -Dclojure.compile.path=null -D.version=null -Dclojure.debug=false 
java_command: clojure.main -i /tmp/form-init3392875117819657292.clj
Launcher Type: SUN_STANDARD

Environment Variables:
CLASSPATH=/home/ramiro-sanchez/.lein/self-installs/leiningen-2.5.0-standalone.jar
PATH=~/bin:/home/ramiro-sanchez/.gem/ruby/1.9.1/bin:/home/ramiro-sanchez/bin:/usr/local/sbin:/usr/local/bin:/usr/sbin:/usr/bin:/sbin:/bin:/usr/games:/usr/local/games
USERNAME=ramiro-sanchez
SHELL=/bin/bash
DISPLAY=:0

Signal Handlers:
SIGSEGV: [libjvm.so+0x9495e0], sa_mask[0]=0x7ffbfeff, sa_flags=0x10000004
SIGBUS: [libjvm.so+0x9495e0], sa_mask[0]=0x7ffbfeff, sa_flags=0x10000004
SIGFPE: [libjvm.so+0x7c3410], sa_mask[0]=0x7ffbfeff, sa_flags=0x10000004
SIGPIPE: [libjvm.so+0x7c3410], sa_mask[0]=0x7ffbfeff, sa_flags=0x10000004
SIGXFSZ: [libjvm.so+0x7c3410], sa_mask[0]=0x7ffbfeff, sa_flags=0x10000004
SIGILL: [libjvm.so+0x7c3410], sa_mask[0]=0x7ffbfeff, sa_flags=0x10000004
SIGUSR1: SIG_DFL, sa_mask[0]=0x00000000, sa_flags=0x00000000
SIGUSR2: [libjvm.so+0x7c32b0], sa_mask[0]=0x00000004, sa_flags=0x10000004
SIGHUP: [libjvm.so+0x7c3490], sa_mask[0]=0x7ffbfeff, sa_flags=0x10000004
SIGINT: [libjvm.so+0x7c3490], sa_mask[0]=0x7ffbfeff, sa_flags=0x10000004
SIGTERM: [libjvm.so+0x7c3490], sa_mask[0]=0x7ffbfeff, sa_flags=0x10000004
SIGQUIT: [libjvm.so+0x7c3490], sa_mask[0]=0x7ffbfeff, sa_flags=0x10000004
SIGTRAP: SIG_DFL, sa_mask[0]=0x00000000, sa_flags=0x00000000


---------------  S Y S T E M  ---------------

OS:LinuxMint 17.1 (rebecca)
uname:Linux 3.13.0-37-generic #64-Ubuntu SMP Mon Sep 22 21:28:38 UTC 2014 x86_64
libc:glibc 2.19 NPTL 2.19 
rlimit: STACK 8192k, CORE 0k, NPROC 61170, NOFILE 4096, AS infinity
load average:2,04 1,28 1,03

/proc/meminfo:
MemTotal:        7861024 kB
MemFree:          134504 kB
Buffers:             480 kB
Cached:          1112428 kB
SwapCached:            0 kB
Active:          6410836 kB
Inactive:        1049944 kB
Active(anon):    6405532 kB
Inactive(anon):  1032860 kB
Active(file):       5304 kB
Inactive(file):    17084 kB
Unevictable:          32 kB
Mlocked:              32 kB
SwapTotal:             0 kB
SwapFree:              0 kB
Dirty:               396 kB
Writeback:             0 kB
AnonPages:       6348140 kB
Mapped:           530200 kB
Shmem:           1090356 kB
Slab:              85560 kB
SReclaimable:      32632 kB
SUnreclaim:        52928 kB
KernelStack:        7616 kB
PageTables:        70288 kB
NFS_Unstable:          0 kB
Bounce:                0 kB
WritebackTmp:          0 kB
CommitLimit:     3930512 kB
Committed_AS:   15326468 kB
VmallocTotal:   34359738367 kB
VmallocUsed:      359428 kB
VmallocChunk:   34359358936 kB
HardwareCorrupted:     0 kB
AnonHugePages:   1089536 kB
HugePages_Total:       0
HugePages_Free:        0
HugePages_Rsvd:        0
HugePages_Surp:        0
Hugepagesize:       2048 kB
DirectMap4k:       81968 kB
DirectMap2M:     1695744 kB
DirectMap1G:     6291456 kB


CPU:total 4 (2 cores per cpu, 2 threads per core) family 6 model 69 stepping 1, cmov, cx8, fxsr, mmx, sse, sse2, sse3, ssse3, sse4.1, sse4.2, popcnt, avx, avx2, aes, erms, ht, tsc, tscinvbit

/proc/cpuinfo:
processor	: 0
vendor_id	: GenuineIntel
cpu family	: 6
model		: 69
model name	: Intel(R) Core(TM) i7-4600U CPU @ 2.10GHz
stepping	: 1
microcode	: 0x1c
cpu MHz		: 1700.000
cache size	: 4096 KB
physical id	: 0
siblings	: 4
core id		: 0
cpu cores	: 2
apicid		: 0
initial apicid	: 0
fpu		: yes
fpu_exception	: yes
cpuid level	: 13
wp		: yes
flags		: fpu vme de pse tsc msr pae mce cx8 apic sep mtrr pge mca cmov pat pse36 clflush dts acpi mmx fxsr sse sse2 ss ht tm pbe syscall nx pdpe1gb rdtscp lm constant_tsc arch_perfmon pebs bts rep_good nopl xtopology nonstop_tsc aperfmperf eagerfpu pni pclmulqdq dtes64 monitor ds_cpl vmx smx est tm2 ssse3 fma cx16 xtpr pdcm pcid sse4_1 sse4_2 x2apic movbe popcnt tsc_deadline_timer aes xsave avx f16c rdrand lahf_lm abm ida arat epb xsaveopt pln pts dtherm tpr_shadow vnmi flexpriority ept vpid fsgsbase tsc_adjust bmi1 avx2 smep bmi2 erms invpcid
bogomips	: 5387.55
clflush size	: 64
cache_alignment	: 64
address sizes	: 39 bits physical, 48 bits virtual
power management:

processor	: 1
vendor_id	: GenuineIntel
cpu family	: 6
model		: 69
model name	: Intel(R) Core(TM) i7-4600U CPU @ 2.10GHz
stepping	: 1
microcode	: 0x1c
cpu MHz		: 2100.000
cache size	: 4096 KB
physical id	: 0
siblings	: 4
core id		: 0
cpu cores	: 2
apicid		: 1
initial apicid	: 1
fpu		: yes
fpu_exception	: yes
cpuid level	: 13
wp		: yes
flags		: fpu vme de pse tsc msr pae mce cx8 apic sep mtrr pge mca cmov pat pse36 clflush dts acpi mmx fxsr sse sse2 ss ht tm pbe syscall nx pdpe1gb rdtscp lm constant_tsc arch_perfmon pebs bts rep_good nopl xtopology nonstop_tsc aperfmperf eagerfpu pni pclmulqdq dtes64 monitor ds_cpl vmx smx est tm2 ssse3 fma cx16 xtpr pdcm pcid sse4_1 sse4_2 x2apic movbe popcnt tsc_deadline_timer aes xsave avx f16c rdrand lahf_lm abm ida arat epb xsaveopt pln pts dtherm tpr_shadow vnmi flexpriority ept vpid fsgsbase tsc_adjust bmi1 avx2 smep bmi2 erms invpcid
bogomips	: 5387.55
clflush size	: 64
cache_alignment	: 64
address sizes	: 39 bits physical, 48 bits virtual
power management:

processor	: 2
vendor_id	: GenuineIntel
cpu family	: 6
model		: 69
model name	: Intel(R) Core(TM) i7-4600U CPU @ 2.10GHz
stepping	: 1
microcode	: 0x1c
cpu MHz		: 2100.000
cache size	: 4096 KB
physical id	: 0
siblings	: 4
core id		: 1
cpu cores	: 2
apicid		: 2
initial apicid	: 2
fpu		: yes
fpu_exception	: yes
cpuid level	: 13
wp		: yes
flags		: fpu vme de pse tsc msr pae mce cx8 apic sep mtrr pge mca cmov pat pse36 clflush dts acpi mmx fxsr sse sse2 ss ht tm pbe syscall nx pdpe1gb rdtscp lm constant_tsc arch_perfmon pebs bts rep_good nopl xtopology nonstop_tsc aperfmperf eagerfpu pni pclmulqdq dtes64 monitor ds_cpl vmx smx est tm2 ssse3 fma cx16 xtpr pdcm pcid sse4_1 sse4_2 x2apic movbe popcnt tsc_deadline_timer aes xsave avx f16c rdrand lahf_lm abm ida arat epb xsaveopt pln pts dtherm tpr_shadow vnmi flexpriority ept vpid fsgsbase tsc_adjust bmi1 avx2 smep bmi2 erms invpcid
bogomips	: 5387.55
clflush size	: 64
cache_alignment	: 64
address sizes	: 39 bits physical, 48 bits virtual
power management:

processor	: 3
vendor_id	: GenuineIntel
cpu family	: 6
model		: 69
model name	: Intel(R) Core(TM) i7-4600U CPU @ 2.10GHz
stepping	: 1
microcode	: 0x1c
cpu MHz		: 2100.000
cache size	: 4096 KB
physical id	: 0
siblings	: 4
core id		: 1
cpu cores	: 2
apicid		: 3
initial apicid	: 3
fpu		: yes
fpu_exception	: yes
cpuid level	: 13
wp		: yes
flags		: fpu vme de pse tsc msr pae mce cx8 apic sep mtrr pge mca cmov pat pse36 clflush dts acpi mmx fxsr sse sse2 ss ht tm pbe syscall nx pdpe1gb rdtscp lm constant_tsc arch_perfmon pebs bts rep_good nopl xtopology nonstop_tsc aperfmperf eagerfpu pni pclmulqdq dtes64 monitor ds_cpl vmx smx est tm2 ssse3 fma cx16 xtpr pdcm pcid sse4_1 sse4_2 x2apic movbe popcnt tsc_deadline_timer aes xsave avx f16c rdrand lahf_lm abm ida arat epb xsaveopt pln pts dtherm tpr_shadow vnmi flexpriority ept vpid fsgsbase tsc_adjust bmi1 avx2 smep bmi2 erms invpcid
bogomips	: 5387.55
clflush size	: 64
cache_alignment	: 64
address sizes	: 39 bits physical, 48 bits virtual
power management:



Memory: 4k page, physical 7861024k(134008k free), swap 0k(0k free)

vm_info: OpenJDK 64-Bit Server VM (24.65-b04) for linux-amd64 JRE (1.7.0_65-b32), built on Oct 22 2014 04:37:44 by "buildd" with gcc 4.8.2

time: Fri Dec 19 11:48:56 2014
elapsed time: 26 seconds

